To honour the JVM settings for this build a single-use Daemon process will be forked. For more on this, please refer to https://docs.gradle.org/9.2.1/userguide/gradle_daemon.html#sec:disabling_the_daemon in the Gradle documentation.
Daemon will be stopped at the end of the build 

> Configure project :
Fabric Loom: 1.14.10
Project directory 'C:\Users\carte\OneDrive\Desktop\Code\MC Mods\MegaXPStorage' is located in OneDrive. This is known to cause issues and slower performance. Consider moving the project to a different location.

> Task :compileJava
> Task :processResources UP-TO-DATE
> Task :classes
> Task :compileClientJava NO-SOURCE
> Task :processClientResources NO-SOURCE
> Task :jar
> Task :processIncludeJars UP-TO-DATE
> Task :sourcesJar
> Task :clientClasses UP-TO-DATE
> Task :compileTestJava NO-SOURCE
> Task :processTestResources NO-SOURCE
> Task :testClasses UP-TO-DATE
> Task :test NO-SOURCE
> Task :validateAccessWidener NO-SOURCE
> Task :check UP-TO-DATE
> Task :remapJar
> Task :remapSourcesJar
> Task :assemble
> Task :build

BUILD SUCCESSFUL in 16s
7 actionable tasks: 5 executed, 2 up-to-date
